<?xml version="1.0" encoding="UTF-8"?>
  <testsuite name="Kfctl Suite" tests="1" failures="1" errors="0" time="0.001">
      <testcase name="Init should create cache" classname="Kfctl Suite" time="0.000820712">
          <failure type="Panic">/Users/kdkasrav/go/pkg/mod/k8s.io/kubernetes@v1.13.4/test/e2e/framework/framework.go:153&#xA;Test Panicked&#xA;/usr/local/opt/go/libexec/src/runtime/panic.go:82</failure>
          <system-out>�[1mSTEP�[0m: Creating a kubernetes client&#xA;Aug  7 19:32:20.617: INFO: &gt;&gt;&gt; kubeConfig: &#xA;�[1mSTEP�[0m: Gathering metrics&#xA;Aug  7 19:32:20.617: INFO: Found DeleteNamespace=false, skipping namespace deletion!&#xA;</system-out>
      </testcase>
  </testsuite>